SmellGood/app/build/intermediates/manifest_merge_blame_file/debug/manifest-merger-blame-debug-report.txt
1<?xml version="1.0" encoding="utf-8"?>
2<manifest xmlns:android="http://schemas.android.com/apk/res/android"
3    package="com.example.smellgood"
4    android:versionCode="1"
5    android:versionName="1.0" >
6
7    <uses-sdk
8        android:minSdkVersion="21"
8-->src\main\AndroidManifest.xml
9        android:targetSdkVersion="32" />
9-->src\main\AndroidManifest.xml
10
11    <application
11-->src\main\AndroidManifest.xml:5:5-31:19
12        android:allowBackup="true"
12-->src\main\AndroidManifest.xml:6:9-35
13        android:appComponentFactory="androidx.core.app.CoreComponentFactory"
13-->[androidx.core:core:1.7.0] AndroidManifest.xml:24:18-86
14        android:debuggable="true"
15        android:icon="@mipmap/icon"
15-->src\main\AndroidManifest.xml:7:9-36
16        android:label="@string/app_name"
16-->src\main\AndroidManifest.xml:8:9-41
17        android:roundIcon="@mipmap/ic_launcher_round"
17-->src\main\AndroidManifest.xml:9:9-54
18        android:supportsRtl="true"
18-->src\main\AndroidManifest.xml:10:9-35
19        android:testOnly="true"
20        android:theme="@style/Theme.SmellGood" >
20-->src\main\AndroidManifest.xml:11:9-47
21        <provider
21-->src\main\AndroidManifest.xml:12:9-16:39
22            android:name="com.example.smellgood.provider.NoteContentProvider"
22-->src\main\AndroidManifest.xml:13:13-57
23            android:authorities="com.example.smellgood.provider.NoteContentProvider"
23-->src\main\AndroidManifest.xml:14:13-85
24            android:enabled="true"
24-->src\main\AndroidManifest.xml:15:13-35
25            android:exported="true" />
25-->src\main\AndroidManifest.xml:16:13-36
26
27        <activity
27-->src\main\AndroidManifest.xml:18:9-27:20
28            android:name="com.example.smellgood.Main"
28-->src\main\AndroidManifest.xml:19:13-33
29            android:exported="true"
29-->src\main\AndroidManifest.xml:20:13-36
30            android:screenOrientation="portrait" >
30-->src\main\AndroidManifest.xml:21:13-49
31            <intent-filter>
31-->src\main\AndroidManifest.xml:22:13-26:29
32                <action android:name="android.intent.action.MAIN" />
32-->src\main\AndroidManifest.xml:23:17-69
32-->src\main\AndroidManifest.xml:23:25-66
33
34                <category android:name="android.intent.category.LAUNCHER" />
34-->src\main\AndroidManifest.xml:25:17-77
34-->src\main\AndroidManifest.xml:25:27-74
35            </intent-filter>
36        </activity>
37        <activity
37-->src\main\AndroidManifest.xml:28:9-29:51
38            android:name="com.example.smellgood.Game"
38-->src\main\AndroidManifest.xml:28:19-39
39            android:screenOrientation="portrait" />
39-->src\main\AndroidManifest.xml:29:13-49
40        <activity android:name="com.example.smellgood.ScoreBoard" />
40-->src\main\AndroidManifest.xml:30:9-47
40-->src\main\AndroidManifest.xml:30:19-45
41
42        <provider
42-->[androidx.emoji2:emoji2:1.0.0] AndroidManifest.xml:26:9-34:20
43            android:name="androidx.startup.InitializationProvider"
43-->[androidx.emoji2:emoji2:1.0.0] AndroidManifest.xml:27:13-67
44            android:authorities="com.example.smellgood.androidx-startup"
44-->[androidx.emoji2:emoji2:1.0.0] AndroidManifest.xml:28:13-68
45            android:exported="false" >
45-->[androidx.emoji2:emoji2:1.0.0] AndroidManifest.xml:29:13-37
46            <meta-data
46-->[androidx.emoji2:emoji2:1.0.0] AndroidManifest.xml:31:13-33:52
47                android:name="androidx.emoji2.text.EmojiCompatInitializer"
47-->[androidx.emoji2:emoji2:1.0.0] AndroidManifest.xml:32:17-75
48                android:value="androidx.startup" />
48-->[androidx.emoji2:emoji2:1.0.0] AndroidManifest.xml:33:17-49
49            <meta-data
49-->[androidx.lifecycle:lifecycle-process:2.4.0] AndroidManifest.xml:31:13-33:52
50                android:name="androidx.lifecycle.ProcessLifecycleInitializer"
50-->[androidx.lifecycle:lifecycle-process:2.4.0] AndroidManifest.xml:32:17-78
51                android:value="androidx.startup" />
51-->[androidx.lifecycle:lifecycle-process:2.4.0] AndroidManifest.xml:33:17-49
52        </provider>
53    </application>
54
55</manifest>